2024-04-23 19:07:59,970 - INFO - New corporation 'TESTING123' created by 1.
2024-04-24 12:03:16,153 - INFO - New corporation 'dev2 test' created by 2.
2024-04-25 13:11:14,462 - INFO - New corporation 'Test' created by 1.
2024-04-25 13:15:25,254 - INFO - User 2 has been removed from corporation 1.
2024-04-25 13:44:56,560 - INFO - 1 created Glook-71, Quantity: 100
2024-04-25 14:23:50,342 - INFO - 1 created Bandana, Quantity: 100
2024-04-25 14:24:43,473 - INFO - 1 created Bandana, Quantity: 100
2024-04-25 14:24:43,619 - INFO - 1 created Bandana, Quantity: 100
2024-04-25 14:24:43,789 - INFO - 1 created Bandana, Quantity: 100
2024-04-25 14:24:43,957 - INFO - 1 created Bandana, Quantity: 100
2024-04-25 14:24:44,171 - INFO - 1 created Bandana, Quantity: 100
2024-04-25 14:25:40,823 - INFO - 1 created Jeans, Quantity: 100
2024-04-25 14:25:40,962 - INFO - 1 created Jeans, Quantity: 100
2024-04-25 14:25:41,105 - INFO - 1 created Jeans, Quantity: 100
2024-04-25 14:25:52,696 - INFO - 1 created Hoodie, Quantity: 100
2024-04-25 14:25:52,850 - INFO - 1 created Hoodie, Quantity: 100
2024-04-25 14:25:52,979 - INFO - 1 created Hoodie, Quantity: 100
2024-04-25 18:05:48,823 - INFO - Added 1 of Glook-71 to/from 1's inventory.
2024-04-25 18:06:19,058 - INFO - Added 1 of Glook-71 to/from 1's inventory.
2024-04-25 18:06:22,880 - INFO - Added 1 of Glook-71 to/from 1's inventory.
2024-04-25 18:06:23,024 - INFO - Added 1 of Glook-71 to/from 1's inventory.
2024-04-25 18:06:33,447 - INFO - Added 1 of Bandana to/from 1's inventory.
2024-04-25 18:06:43,223 - INFO - Added 1 of Jeans to/from 1's inventory.
2024-04-25 18:06:46,377 - INFO - Added 1 of Jeans to/from 1's inventory.
2024-04-25 18:06:46,523 - INFO - Added 1 of Jeans to/from 1's inventory.
2024-04-25 18:06:49,217 - INFO - Added 1 of Hoodie to/from 1's inventory.
2024-04-25 18:06:49,392 - INFO - Added 1 of Hoodie to/from 1's inventory.
2024-04-25 18:51:16,429 - INFO - 1 didn't meet the requirements for Cook.
2024-04-25 18:51:37,117 - INFO - Updated user 1 job to Cook.
2024-04-25 18:56:39,109 - INFO - Updated user 1 job to Cook.
2024-04-25 19:01:27,434 - INFO - Added 5 of Bandana to/from 1's inventory.
2024-04-25 19:02:05,877 - INFO - Added 5 of Bandana to/from 1's inventory.
2024-04-25 19:02:14,382 - INFO - Added 5 of Bandana to/from 1's inventory.
2024-04-25 19:04:20,389 - INFO - Added 5 of Bandana to/from 1's inventory.
2024-04-25 19:05:16,349 - INFO - Added 1 of Bandana to/from 1's inventory.
2024-04-25 19:06:10,258 - INFO - Added 1 of Bandana to/from 1's inventory.
