2024-05-22 19:00:01,707 - INFO - Admin 1 created medical item Bandage
2024-05-22 19:03:44,256 - INFO - Admin 1 Added/Removed 2 of item 25491 to 1
2024-05-22 20:43:56,480 - INFO - Admin 1 created armor item Body Armor
2024-05-22 20:45:10,428 - INFO - Admin 1 created weapon item AR
2024-05-22 20:47:25,518 - INFO - Admin 1 created weapon item AR
2024-05-22 20:47:34,554 - INFO - Admin 1 created medical item AR
2024-05-22 21:55:59,517 - INFO - Admin 1 created weapon item AR
2024-05-22 22:20:07,476 - INFO - Admin 1 created medical item AR
2024-05-22 22:21:32,829 - INFO - Admin 1 created medical item AR
2024-05-22 22:21:46,546 - INFO - Admin 1 created medical item AR
2024-05-22 22:22:06,892 - INFO - Admin 1 created medical item AR
2024-05-22 22:22:08,142 - INFO - Admin 1 created medical item AR
2024-05-23 15:37:56,264 - INFO - Admin 1 created weapon item AR
2024-05-23 16:02:48,108 - INFO - Admin 1 created weapon item AR
2024-05-23 16:05:02,448 - INFO - Admin 1 created weapon item AR
2024-05-23 16:05:11,316 - INFO - Admin 1 created weapon item AR
2024-05-23 16:05:21,035 - INFO - Admin 1 created armor item AR
2024-05-23 16:05:41,157 - INFO - Admin 1 created clothing item AR
2024-05-23 16:09:11,382 - INFO - Admin 1 created clothing item AR
2024-05-23 16:10:07,691 - INFO - Admin 1 created clothing item AR
2024-05-23 16:10:15,183 - INFO - Admin 1 created clothing item AR
2024-05-23 16:10:20,337 - INFO - Admin 1 created clothing item AR
2024-05-23 16:10:21,989 - INFO - Admin 1 created clothing item AR
2024-05-23 16:20:00,717 - INFO - Admin 1 created weapon item AR
2024-05-23 16:21:13,370 - INFO - Admin 1 created weapon item AR
2024-05-23 16:22:58,209 - INFO - Admin 1 created weapon item AR
2024-05-23 16:25:12,722 - INFO - Admin 1 created weapon item AR
2024-05-23 21:22:14,186 - INFO - Admin 1 Added/Removed 2 of item 38 to 1
2024-05-23 21:22:36,749 - INFO - Admin 1 Added/Removed 2 of item 31 to 1
2024-05-23 21:22:41,458 - INFO - Admin 1 Added/Removed 34 of item 31 to 1
2024-05-23 21:23:06,671 - INFO - Admin 1 Added/Removed 2 of item 34 to 1
2024-05-23 21:23:18,205 - INFO - Admin 1 Added/Removed 2 of item 70 to 1
2024-05-23 21:23:22,898 - INFO - Admin 1 Added/Removed 71 of item 70 to 1
2024-05-23 21:23:25,738 - INFO - Admin 1 Added/Removed 73 of item 70 to 1
2024-05-23 21:23:37,629 - INFO - Admin 1 Added/Removed 2 of item 71 to 1
2024-05-23 21:23:39,322 - INFO - Admin 1 Added/Removed 2 of item 72 to 1
2024-05-23 21:42:39,591 - INFO - Admin 1 Added/Removed 2 of item 73 to 1
